Drill report for C:\Users\Administrator\Documents\KICAD project\555\555.kicad_pcb
Created on 16/05/2019 15:59:21

Copper Layer Stackup:
    =============================================================
    L1 :  F.Cu                      front
    L2 :  B.Cu                      back


Drill file '555-PTH.drl' contains
    plated through holes:
    =============================================================
    T1  0.40mm  0.016"  (23 holes)
    T2  0.60mm  0.024"  (64 holes)
    T3  0.76mm  0.030"  (4 holes)
    T4  0.80mm  0.031"  (34 holes)
    T5  0.90mm  0.035"  (78 holes)
    T6  1.00mm  0.039"  (8 holes)
    T7  2.80mm  0.110"  (8 holes)

    Total plated holes count 219


Drill file '555-NPTH.drl' contains
    unplated through holes:
    =============================================================

    Total unplated holes count 0
